This is XeTeX, Version 3.141592653-2.6-0.999993 (TeX Live 2021) (preloaded format=xelatex 2021.10.22)  23 OCT 2021 16:28
entering extended mode
 restricted \write18 enabled.
 %&-line parsing enabled.
**_main.tex
(./_main.tex
LaTeX2e <2021-06-01> patch level 1
L3 programming layer <2021-10-18> (/Users/josealanis/Library/TinyTeX/texmf-dist
/tex/latex/base/book.cls
Document Class: book 2021/02/12 v1.4n Standard LaTeX document class
(/Users/josealanis/Library/TinyTeX/texmf-dist/tex/latex/base/bk10.clo
File: bk10.clo 2021/02/12 v1.4n Standard LaTeX file (size option)
)
\c@part=\count178
\c@chapter=\count179
\c@section=\count180
\c@subsection=\count181
\c@subsubsection=\count182
\c@paragraph=\count183
\c@subparagraph=\count184
\c@figure=\count185
\c@table=\count186
\abovecaptionskip=\skip47
\belowcaptionskip=\skip48
\bibindent=\dimen138
) (/Users/josealanis/Library/TinyTeX/texmf-dist/tex/latex/amsmath/amsmath.sty
Package: amsmath 2021/04/20 v2.17j AMS math features
\@mathmargin=\skip49
For additional information on amsmath, use the `?' option.
(/Users/josealanis/Library/TinyTeX/texmf-dist/tex/latex/amsmath/amstext.sty
Package: amstext 2000/06/29 v2.01 AMS text
(/Users/josealanis/Library/TinyTeX/texmf-dist/tex/latex/amsmath/amsgen.sty
File: amsgen.sty 1999/11/30 v2.0 generic functions
\@emptytoks=\toks16
\ex@=\dimen139
)) (/Users/josealanis/Library/TinyTeX/texmf-dist/tex/latex/amsmath/amsbsy.sty
Package: amsbsy 1999/11/29 v1.2d Bold Symbols
\pmbraise@=\dimen140
) (/Users/josealanis/Library/TinyTeX/texmf-dist/tex/latex/amsmath/amsopn.sty
Package: amsopn 2016/03/08 v2.02 operator names
)
\inf@bad=\count187
LaTeX Info: Redefining \frac on input line 234.
\uproot@=\count188
\leftroot@=\count189
LaTeX Info: Redefining \overline on input line 399.
\classnum@=\count190
\DOTSCASE@=\count191
LaTeX Info: Redefining \ldots on input line 496.
LaTeX Info: Redefining \dots on input line 499.
LaTeX Info: Redefining \cdots on input line 620.
\Mathstrutbox@=\box50
\strutbox@=\box51
\big@size=\dimen141
LaTeX Font Info:    Redeclaring font encoding OML on input line 743.
LaTeX Font Info:    Redeclaring font encoding OMS on input line 744.
\macc@depth=\count192
\c@MaxMatrixCols=\count193
\dotsspace@=\muskip16
\c@parentequation=\count194
\dspbrk@lvl=\count195
\tag@help=\toks17
\row@=\count196
\column@=\count197
\maxfields@=\count198
\andhelp@=\toks18
\eqnshift@=\dimen142
\alignsep@=\dimen143
\tagshift@=\dimen144
\tagwidth@=\dimen145
\totwidth@=\dimen146
\lineht@=\dimen147
\@envbody=\toks19
\multlinegap=\skip50
\multlinetaggap=\skip51
\mathdisplay@stack=\toks20
LaTeX Info: Redefining \[ on input line 2923.
LaTeX Info: Redefining \] on input line 2924.
) (/Users/josealanis/Library/TinyTeX/texmf-dist/tex/latex/amsfonts/amssymb.sty
Package: amssymb 2013/01/14 v3.01 AMS font symbols
(/Users/josealanis/Library/TinyTeX/texmf-dist/tex/latex/amsfonts/amsfonts.sty
Package: amsfonts 2013/01/14 v3.01 Basic AMSFonts support
\symAMSa=\mathgroup4
\symAMSb=\mathgroup5
LaTeX Font Info:    Redeclaring math symbol \hbar on input line 98.
LaTeX Font Info:    Overwriting math alphabet `\mathfrak' in version `bold'
(Font)                  U/euf/m/n --> U/euf/b/n on input line 106.
)) (/Users/josealanis/Library/TinyTeX/texmf-dist/tex/latex/lm/lmodern.sty
Package: lmodern 2015/05/01 v1.6.1 Latin Modern Fonts
LaTeX Font Info:    Overwriting symbol font `operators' in version `normal'
(Font)                  OT1/cmr/m/n --> OT1/lmr/m/n on input line 22.
LaTeX Font Info:    Overwriting symbol font `letters' in version `normal'
(Font)                  OML/cmm/m/it --> OML/lmm/m/it on input line 23.
LaTeX Font Info:    Overwriting symbol font `symbols' in version `normal'
(Font)                  OMS/cmsy/m/n --> OMS/lmsy/m/n on input line 24.
LaTeX Font Info:    Overwriting symbol font `largesymbols' in version `normal'
(Font)                  OMX/cmex/m/n --> OMX/lmex/m/n on input line 25.
LaTeX Font Info:    Overwriting symbol font `operators' in version `bold'
(Font)                  OT1/cmr/bx/n --> OT1/lmr/bx/n on input line 26.
LaTeX Font Info:    Overwriting symbol font `letters' in version `bold'
(Font)                  OML/cmm/b/it --> OML/lmm/b/it on input line 27.
LaTeX Font Info:    Overwriting symbol font `symbols' in version `bold'
(Font)                  OMS/cmsy/b/n --> OMS/lmsy/b/n on input line 28.
LaTeX Font Info:    Overwriting symbol font `largesymbols' in version `bold'
(Font)                  OMX/cmex/m/n --> OMX/lmex/m/n on input line 29.
LaTeX Font Info:    Overwriting math alphabet `\mathbf' in version `normal'
(Font)                  OT1/cmr/bx/n --> OT1/lmr/bx/n on input line 31.
LaTeX Font Info:    Overwriting math alphabet `\mathsf' in version `normal'
(Font)                  OT1/cmss/m/n --> OT1/lmss/m/n on input line 32.
LaTeX Font Info:    Overwriting math alphabet `\mathit' in version `normal'
(Font)                  OT1/cmr/m/it --> OT1/lmr/m/it on input line 33.
LaTeX Font Info:    Overwriting math alphabet `\mathtt' in version `normal'
(Font)                  OT1/cmtt/m/n --> OT1/lmtt/m/n on input line 34.
LaTeX Font Info:    Overwriting math alphabet `\mathbf' in version `bold'
(Font)                  OT1/cmr/bx/n --> OT1/lmr/bx/n on input line 35.
LaTeX Font Info:    Overwriting math alphabet `\mathsf' in version `bold'
(Font)                  OT1/cmss/bx/n --> OT1/lmss/bx/n on input line 36.
LaTeX Font Info:    Overwriting math alphabet `\mathit' in version `bold'
(Font)                  OT1/cmr/bx/it --> OT1/lmr/bx/it on input line 37.
LaTeX Font Info:    Overwriting math alphabet `\mathtt' in version `bold'
(Font)                  OT1/cmtt/m/n --> OT1/lmtt/m/n on input line 38.
) (/Users/josealanis/Library/TinyTeX/texmf-dist/tex/generic/iftex/ifxetex.sty
Package: ifxetex 2019/10/25 v0.7 ifxetex legacy package. Use iftex instead.
(/Users/josealanis/Library/TinyTeX/texmf-dist/tex/generic/iftex/iftex.sty
Package: iftex 2020/03/06 v1.0d TeX engine tests
)) (/Users/josealanis/Library/TinyTeX/texmf-dist/tex/generic/iftex/ifluatex.sty
Package: ifluatex 2019/10/25 v1.5 ifluatex legacy package. Use iftex instead.
)
(/Users/josealanis/Library/TinyTeX/texmf-dist/tex/latex/unicode-math/unicode-ma
th.sty (/Users/josealanis/Library/TinyTeX/texmf-dist/tex/latex/l3kernel/expl3.s
ty
Package: expl3 2021-10-18 L3 programming layer (loader) 

(/Users/josealanis/Library/TinyTeX/texmf-dist/tex/latex/l3backend/l3backend-xet
ex.def
File: l3backend-xetex.def 2021-10-18 L3 backend support: XeTeX
(|extractbb --version)
\c__kernel_sys_dvipdfmx_version_int=\count199
\l__color_backend_stack_int=\count266
\g__color_backend_stack_int=\count267
\g__graphics_track_int=\count268
\l__pdf_internal_box=\box52
\g__pdf_backend_object_int=\count269
\g__pdf_backend_annotation_int=\count270
\g__pdf_backend_link_int=\count271
))
Package: unicode-math 2020/01/31 v0.8q Unicode maths in XeLaTeX and LuaLaTeX

(/Users/josealanis/Library/TinyTeX/texmf-dist/tex/latex/unicode-math/unicode-ma
th-xetex.sty
Package: unicode-math-xetex 2020/01/31 v0.8q Unicode maths in XeLaTeX and LuaLa
TeX

(/Users/josealanis/Library/TinyTeX/texmf-dist/tex/latex/l3packages/xparse/xpars
e.sty
Package: xparse 2021-08-27 L3 Experimental document command parser
)
(/Users/josealanis/Library/TinyTeX/texmf-dist/tex/latex/l3packages/l3keys2e/l3k
eys2e.sty
Package: l3keys2e 2021-08-27 LaTeX2e option processing using LaTeX3 keys
) (/Users/josealanis/Library/TinyTeX/texmf-dist/tex/latex/fontspec/fontspec.sty
Package: fontspec 2020/02/21 v2.7i Font selection for XeLaTeX and LuaLaTeX

(/Users/josealanis/Library/TinyTeX/texmf-dist/tex/latex/fontspec/fontspec-xetex
.sty
Package: fontspec-xetex 2020/02/21 v2.7i Font selection for XeLaTeX and LuaLaTe
X
\l__fontspec_script_int=\count272
\l__fontspec_language_int=\count273
\l__fontspec_strnum_int=\count274
\l__fontspec_tmp_int=\count275
\l__fontspec_tmpa_int=\count276
\l__fontspec_tmpb_int=\count277
\l__fontspec_tmpc_int=\count278
\l__fontspec_em_int=\count279
\l__fontspec_emdef_int=\count280
\l__fontspec_strong_int=\count281
\l__fontspec_strongdef_int=\count282
\l__fontspec_tmpa_dim=\dimen148
\l__fontspec_tmpb_dim=\dimen149
\l__fontspec_tmpc_dim=\dimen150
(/Users/josealanis/Library/TinyTeX/texmf-dist/tex/latex/base/fontenc.sty
Package: fontenc 2021/04/29 v2.0v Standard LaTeX package
) (/Users/josealanis/Library/TinyTeX/texmf-dist/tex/latex/fontspec/fontspec.cfg
))) (/Users/josealanis/Library/TinyTeX/texmf-dist/tex/latex/base/fix-cm.sty
Package: fix-cm 2020/11/24 v1.1t fixes to LaTeX
(/Users/josealanis/Library/TinyTeX/texmf-dist/tex/latex/base/ts1enc.def
File: ts1enc.def 2001/06/05 v3.0e (jk/car/fm) Standard LaTeX file
LaTeX Font Info:    Redeclaring font encoding TS1 on input line 47.
))
\g__um_fam_int=\count283
\g__um_fonts_used_int=\count284
\l__um_primecount_int=\count285
\g__um_primekern_muskip=\muskip17

(/Users/josealanis/Library/TinyTeX/texmf-dist/tex/latex/unicode-math/unicode-ma
th-table.tex))) (/Users/josealanis/Library/TinyTeX/texmf-dist/tex/latex/upquote
/upquote.sty
Package: upquote 2012/04/19 v1.3 upright-quote and grave-accent glyphs in verba
tim
(/Users/josealanis/Library/TinyTeX/texmf-dist/tex/latex/base/textcomp.sty
Package: textcomp 2020/02/02 v2.0n Standard LaTeX package
)) (/Users/josealanis/Library/TinyTeX/texmf-dist/tex/latex/parskip/parskip.sty
Package: parskip 2021-03-14 v2.0h non-zero parskip adjustments

(/Users/josealanis/Library/TinyTeX/texmf-dist/tex/latex/kvoptions/kvoptions.sty
Package: kvoptions 2020-10-07 v3.14 Key value format for package options (HO)
(/Users/josealanis/Library/TinyTeX/texmf-dist/tex/latex/graphics/keyval.sty
Package: keyval 2014/10/28 v1.15 key=value parser (DPC)
\KV@toks@=\toks21
) (/Users/josealanis/Library/TinyTeX/texmf-dist/tex/generic/ltxcmds/ltxcmds.sty
Package: ltxcmds 2020-05-10 v1.25 LaTeX kernel commands for general use (HO)
)
(/Users/josealanis/Library/TinyTeX/texmf-dist/tex/generic/kvsetkeys/kvsetkeys.s
ty
Package: kvsetkeys 2019/12/15 v1.18 Key value parser (HO)
)) (/Users/josealanis/Library/TinyTeX/texmf-dist/tex/latex/etoolbox/etoolbox.st
y
Package: etoolbox 2020/10/05 v2.5k e-TeX tools for LaTeX (JAW)
\etb@tempcnta=\count286
)) (/Users/josealanis/Library/TinyTeX/texmf-dist/tex/latex/xcolor/xcolor.sty
Package: xcolor 2016/05/11 v2.12 LaTeX color extensions (UK)
(/Users/josealanis/Library/TinyTeX/texmf-dist/tex/latex/graphics-cfg/color.cfg
File: color.cfg 2016/01/02 v1.6 sample color configuration
)
Package xcolor Info: Driver file: xetex.def on input line 225.
(/Users/josealanis/Library/TinyTeX/texmf-dist/tex/latex/graphics-def/xetex.def
File: xetex.def 2021/03/18 v5.0k Graphics/color driver for xetex
)
Package xcolor Info: Model `cmy' substituted by `cmy0' on input line 1348.
Package xcolor Info: Model `RGB' extended on input line 1364.
Package xcolor Info: Model `HTML' substituted by `rgb' on input line 1366.
Package xcolor Info: Model `Hsb' substituted by `hsb' on input line 1367.
Package xcolor Info: Model `tHsb' substituted by `hsb' on input line 1368.
Package xcolor Info: Model `HSB' substituted by `hsb' on input line 1369.
Package xcolor Info: Model `Gray' substituted by `gray' on input line 1370.
Package xcolor Info: Model `wave' substituted by `hsb' on input line 1371.
) (/Users/josealanis/Library/TinyTeX/texmf-dist/tex/latex/hyperref/hyperref.sty
Package: hyperref 2021-06-07 v7.00m Hypertext links for LaTeX

(/Users/josealanis/Library/TinyTeX/texmf-dist/tex/generic/pdftexcmds/pdftexcmds
.sty
Package: pdftexcmds 2020-06-27 v0.33 Utility functions of pdfTeX for LuaTeX (HO
)

(/Users/josealanis/Library/TinyTeX/texmf-dist/tex/generic/infwarerr/infwarerr.s
ty
Package: infwarerr 2019/12/03 v1.5 Providing info/warning/error messages (HO)
)
Package pdftexcmds Info: \pdf@primitive is available.
Package pdftexcmds Info: \pdf@ifprimitive is available.
Package pdftexcmds Info: \pdfdraftmode not found.
)
(/Users/josealanis/Library/TinyTeX/texmf-dist/tex/generic/kvdefinekeys/kvdefine
keys.sty
Package: kvdefinekeys 2019-12-19 v1.6 Define keys (HO)
)
(/Users/josealanis/Library/TinyTeX/texmf-dist/tex/generic/pdfescape/pdfescape.s
ty
Package: pdfescape 2019/12/09 v1.15 Implements pdfTeX's escape features (HO)
) (/Users/josealanis/Library/TinyTeX/texmf-dist/tex/latex/hycolor/hycolor.sty
Package: hycolor 2020-01-27 v1.10 Color options for hyperref/bookmark (HO)
)
(/Users/josealanis/Library/TinyTeX/texmf-dist/tex/latex/letltxmacro/letltxmacro
.sty
Package: letltxmacro 2019/12/03 v1.6 Let assignment for LaTeX macros (HO)
) (/Users/josealanis/Library/TinyTeX/texmf-dist/tex/latex/auxhook/auxhook.sty
Package: auxhook 2019-12-17 v1.6 Hooks for auxiliary files (HO)
)
\@linkdim=\dimen151
\Hy@linkcounter=\count287
\Hy@pagecounter=\count288
(/Users/josealanis/Library/TinyTeX/texmf-dist/tex/latex/hyperref/pd1enc.def
File: pd1enc.def 2021-06-07 v7.00m Hyperref: PDFDocEncoding definition (HO)
)
(/Users/josealanis/Library/TinyTeX/texmf-dist/tex/latex/hyperref/hyperref-langp
atches.def
File: hyperref-langpatches.def 2021-06-07 v7.00m Hyperref: patches for babel la
nguages
) (/Users/josealanis/Library/TinyTeX/texmf-dist/tex/generic/intcalc/intcalc.sty
Package: intcalc 2019/12/15 v1.3 Expandable calculations with integers (HO)
)
(/Users/josealanis/Library/TinyTeX/texmf-dist/tex/generic/etexcmds/etexcmds.sty
Package: etexcmds 2019/12/15 v1.7 Avoid name clashes with e-TeX commands (HO)
)
\Hy@SavedSpaceFactor=\count289
(/Users/josealanis/Library/TinyTeX/texmf-dist/tex/latex/hyperref/puenc.def
File: puenc.def 2021-06-07 v7.00m Hyperref: PDF Unicode definition (HO)
)
Package hyperref Info: Option `unicode' set `true' on input line 4073.
Package hyperref Info: Hyper figures OFF on input line 4192.
Package hyperref Info: Link nesting OFF on input line 4197.
Package hyperref Info: Hyper index ON on input line 4200.
Package hyperref Info: Plain pages OFF on input line 4207.
Package hyperref Info: Backreferencing OFF on input line 4212.
Package hyperref Info: Implicit mode ON; LaTeX internals redefined.
Package hyperref Info: Bookmarks ON on input line 4445.
\c@Hy@tempcnt=\count290
(/Users/josealanis/Library/TinyTeX/texmf-dist/tex/latex/url/url.sty
\Urlmuskip=\muskip18
Package: url 2013/09/16  ver 3.4  Verb mode for urls, etc.
)
LaTeX Info: Redefining \url on input line 4804.
\XeTeXLinkMargin=\dimen152
(/Users/josealanis/Library/TinyTeX/texmf-dist/tex/generic/bitset/bitset.sty
Package: bitset 2019/12/09 v1.3 Handle bit-vector datatype (HO)

(/Users/josealanis/Library/TinyTeX/texmf-dist/tex/generic/bigintcalc/bigintcalc
.sty
Package: bigintcalc 2019/12/15 v1.5 Expandable calculations on big integers (HO
)
))
\Fld@menulength=\count291
\Field@Width=\dimen153
\Fld@charsize=\dimen154
Package hyperref Info: Hyper figures OFF on input line 6076.
Package hyperref Info: Link nesting OFF on input line 6081.
Package hyperref Info: Hyper index ON on input line 6084.
Package hyperref Info: backreferencing OFF on input line 6091.
Package hyperref Info: Link coloring OFF on input line 6096.
Package hyperref Info: Link coloring with OCG OFF on input line 6101.
Package hyperref Info: PDF/A mode OFF on input line 6106.
LaTeX Info: Redefining \ref on input line 6146.
LaTeX Info: Redefining \pageref on input line 6150.
(/Users/josealanis/Library/TinyTeX/texmf-dist/tex/latex/base/atbegshi-ltx.sty
Package: atbegshi-ltx 2021/01/10 v1.0c Emulation of the original atbegshi
package with kernel methods
)
\Hy@abspage=\count292
\c@Item=\count293
\c@Hfootnote=\count294
)
Package hyperref Info: Driver (autodetected): hxetex.
(/Users/josealanis/Library/TinyTeX/texmf-dist/tex/latex/hyperref/hxetex.def
File: hxetex.def 2021-06-07 v7.00m Hyperref driver for XeTeX

(/Users/josealanis/Library/TinyTeX/texmf-dist/tex/generic/stringenc/stringenc.s
ty
Package: stringenc 2019/11/29 v1.12 Convert strings between diff. encodings (HO
)
)
\pdfm@box=\box53
\c@Hy@AnnotLevel=\count295
\HyField@AnnotCount=\count296
\Fld@listcount=\count297
\c@bookmark@seq@number=\count298

(/Users/josealanis/Library/TinyTeX/texmf-dist/tex/latex/rerunfilecheck/rerunfil
echeck.sty
Package: rerunfilecheck 2019/12/05 v1.9 Rerun checks for auxiliary files (HO)
(/Users/josealanis/Library/TinyTeX/texmf-dist/tex/latex/base/atveryend-ltx.sty
Package: atveryend-ltx 2020/08/19 v1.0a Emulation of the original atvery packag
e
with kernel methods
)
(/Users/josealanis/Library/TinyTeX/texmf-dist/tex/generic/uniquecounter/uniquec
ounter.sty
Package: uniquecounter 2019/12/15 v1.4 Provide unlimited unique counter (HO)
)
Package uniquecounter Info: New unique counter `rerunfilecheck' on input line 2
86.
)
\Hy@SectionHShift=\skip52
) (/Users/josealanis/Library/TinyTeX/texmf-dist/tex/latex/fancyvrb/fancyvrb.sty
Package: fancyvrb 2021/10/15 v3.9 verbatim text (tvz,hv)
\FV@CodeLineNo=\count299
\FV@InFile=\read2
\FV@TabBox=\box54
\c@FancyVerbLine=\count300
\FV@StepNumber=\count301
\FV@OutFile=\write3
) (/Users/josealanis/Library/TinyTeX/texmf-dist/tex/latex/framed/framed.sty
Package: framed 2011/10/22 v 0.96: framed or shaded text with page breaks
\OuterFrameSep=\skip53
\fb@frw=\dimen155
\fb@frh=\dimen156
\FrameRule=\dimen157
\FrameSep=\dimen158
) (/Users/josealanis/Library/TinyTeX/texmf-dist/tex/latex/tools/longtable.sty
Package: longtable 2021-05-07 v4.16 Multi-page Table package (DPC)
\LTleft=\skip54
\LTright=\skip55
\LTpre=\skip56
\LTpost=\skip57
\LTchunksize=\count302
\LTcapwidth=\dimen159
\LT@head=\box55
\LT@firsthead=\box56
\LT@foot=\box57
\LT@lastfoot=\box58
\LT@gbox=\box59
\LT@cols=\count303
\LT@rows=\count304
\c@LT@tables=\count305
\c@LT@chunks=\count306
\LT@p@ftn=\toks22
) (/Users/josealanis/Library/TinyTeX/texmf-dist/tex/latex/booktabs/booktabs.sty
Package: booktabs 2020/01/12 v1.61803398 Publication quality tables
\heavyrulewidth=\dimen160
\lightrulewidth=\dimen161
\cmidrulewidth=\dimen162
\belowrulesep=\dimen163
\belowbottomsep=\dimen164
\aboverulesep=\dimen165
\abovetopsep=\dimen166
\cmidrulesep=\dimen167
\cmidrulekern=\dimen168
\defaultaddspace=\dimen169
\@cmidla=\count307
\@cmidlb=\count308
\@aboverulesep=\dimen170
\@belowrulesep=\dimen171
\@thisruleclass=\count309
\@lastruleclass=\count310
\@thisrulewidth=\dimen172
) (/Users/josealanis/Library/TinyTeX/texmf-dist/tex/latex/tools/array.sty
Package: array 2021/04/20 v2.5e Tabular extension package (FMi)
\col@sep=\dimen173
\ar@mcellbox=\box60
\extrarowheight=\dimen174
\NC@list=\toks23
\extratabsurround=\skip58
\backup@length=\skip59
\ar@cellbox=\box61
) (/Users/josealanis/Library/TinyTeX/texmf-dist/tex/latex/tools/calc.sty
Package: calc 2017/05/25 v4.3 Infix arithmetic (KKT,FJ)
\calc@Acount=\count311
\calc@Bcount=\count312
\calc@Adimen=\dimen175
\calc@Bdimen=\dimen176
\calc@Askip=\skip60
\calc@Bskip=\skip61
LaTeX Info: Redefining \setlength on input line 80.
LaTeX Info: Redefining \addtolength on input line 81.
\calc@Ccount=\count313
\calc@Cskip=\skip62
) (/Users/josealanis/Library/TinyTeX/texmf-dist/tex/latex/mdwtools/footnote.sty
Package: footnote 1997/01/28 1.13 Save footnotes around boxes
\fn@notes=\box62
\fn@width=\dimen177
) (/Users/josealanis/Library/TinyTeX/texmf-dist/tex/latex/graphics/graphicx.sty
Package: graphicx 2020/12/05 v1.2c Enhanced LaTeX Graphics (DPC,SPQR)
(/Users/josealanis/Library/TinyTeX/texmf-dist/tex/latex/graphics/graphics.sty
Package: graphics 2021/03/04 v1.4d Standard LaTeX Graphics (DPC,SPQR)
(/Users/josealanis/Library/TinyTeX/texmf-dist/tex/latex/graphics/trig.sty
Package: trig 2016/01/03 v1.10 sin cos tan (DPC)
)
(/Users/josealanis/Library/TinyTeX/texmf-dist/tex/latex/graphics-cfg/graphics.c
fg
File: graphics.cfg 2016/06/04 v1.11 sample graphics configuration
)
Package graphics Info: Driver file: xetex.def on input line 107.
)
\Gin@req@height=\dimen178
\Gin@req@width=\dimen179
) (/Users/josealanis/Library/TinyTeX/texmf-dist/tex/latex/base/fontenc.sty
Package: fontenc 2021/04/29 v2.0v Standard LaTeX package
LaTeX Font Info:    Trying to load font information for T1+lmr on input line 11
2.
(/Users/josealanis/Library/TinyTeX/texmf-dist/tex/latex/lm/t1lmr.fd
File: t1lmr.fd 2015/05/01 v1.6.1 Font defs for Latin Modern
)) (/Users/josealanis/Library/TinyTeX/texmf-dist/tex/generic/babel/babel.sty
Package: babel 2021/10/19 3.65 The Babel package
\babel@savecnt=\count314
\U@D=\dimen180
\l@unhyphenated=\language3
(/Users/josealanis/Library/TinyTeX/texmf-dist/tex/generic/babel/xebabel.def (/U
sers/josealanis/Library/TinyTeX/texmf-dist/tex/generic/babel/txtbabel.def))
\bbl@readstream=\read3
\bbl@dirlevel=\count315

(/Users/josealanis/Library/TinyTeX/texmf-dist/tex/generic/babel-german/ngerman.
ldf
Language: ngerman 2021/02/27 v2.13 German support for babel (post-1996 orthogra
phy)

(/Users/josealanis/Library/TinyTeX/texmf-dist/tex/generic/babel-german/ngermanb
.ldf
Language: ngermanb 2021/02/27 v2.13 German support for babel (post-1996 orthogr
aphy)

Package babel Warning: No hyphenation patterns were preloaded for
(babel)                the language 'German (new orthography)' into the format.

(babel)                Please, configure your TeX system to add them and
(babel)                rebuild the format. Now I will use the patterns
(babel)                preloaded for \language=0 instead on input line 48.

Package babel Info: Hyphen rules for 'ngerman' set to \l@english
(babel)             (\language0). Reported on input line 49.
Package babel Info: Making " an active character on input line 122.
))) (/Users/josealanis/Library/TinyTeX/texmf-dist/tex/latex/csquotes/csquotes.s
ty
Package: csquotes 2021-02-22 v5.2l context-sensitive quotations (JAW)
\csq@reset=\count316
\csq@gtype=\count317
\csq@glevel=\count318
\csq@qlevel=\count319
\csq@maxlvl=\count320
\csq@tshold=\count321
\csq@ltx@everypar=\toks24
(/Users/josealanis/Library/TinyTeX/texmf-dist/tex/latex/csquotes/csquotes.def
File: csquotes.def 2021-02-22 v5.2l csquotes generic definitions (JAW)
)
Package csquotes Info: Trying to load configuration file 'csquotes.cfg'...
Package csquotes Info: ... configuration file loaded successfully.
(/Users/josealanis/Library/TinyTeX/texmf-dist/tex/latex/csquotes/csquotes.cfg
File: csquotes.cfg 
)) (/Users/josealanis/Library/TinyTeX/texmf-dist/tex/latex/biblatex/biblatex.st
y
Package: biblatex 2020/12/31 v3.16 programmable bibliographies (PK/MW)
(/Users/josealanis/Library/TinyTeX/texmf-dist/tex/latex/logreq/logreq.sty
Package: logreq 2010/08/04 v1.0 xml request logger
\lrq@indent=\count322
(/Users/josealanis/Library/TinyTeX/texmf-dist/tex/latex/logreq/logreq.def
File: logreq.def 2010/08/04 v1.0 logreq spec v1.0
)) (/Users/josealanis/Library/TinyTeX/texmf-dist/tex/latex/base/ifthen.sty
Package: ifthen 2020/11/24 v1.1c Standard LaTeX ifthen package (DPC)
)
\c@tabx@nest=\count323
\c@listtotal=\count324
\c@listcount=\count325
\c@liststart=\count326
\c@liststop=\count327
\c@citecount=\count328
\c@citetotal=\count329
\c@multicitecount=\count330
\c@multicitetotal=\count331
\c@instcount=\count332
\c@maxnames=\count333
\c@minnames=\count334
\c@maxitems=\count335
\c@minitems=\count336
\c@citecounter=\count337
\c@maxcitecounter=\count338
\c@savedcitecounter=\count339
\c@uniquelist=\count340
\c@uniquename=\count341
\c@refsection=\count342
\c@refsegment=\count343
\c@maxextratitle=\count344
\c@maxextratitleyear=\count345
\c@maxextraname=\count346
\c@maxextradate=\count347
\c@maxextraalpha=\count348
\c@abbrvpenalty=\count349
\c@highnamepenalty=\count350
\c@lownamepenalty=\count351
\c@maxparens=\count352
\c@parenlevel=\count353
\blx@tempcnta=\count354
\blx@tempcntb=\count355
\blx@tempcntc=\count356
\blx@maxsection=\count357
\blx@maxsegment@0=\count358
\blx@notetype=\count359
\blx@parenlevel@text=\count360
\blx@parenlevel@foot=\count361
\blx@sectionciteorder@0=\count362
\blx@entrysetcounter=\count363
\blx@biblioinstance=\count364
\labelnumberwidth=\skip63
\labelalphawidth=\skip64
\biblabelsep=\skip65
\bibitemsep=\skip66
\bibnamesep=\skip67
\bibinitsep=\skip68
\bibparsep=\skip69
\bibhang=\skip70
\blx@bcfin=\read4
\blx@bcfout=\write4
\blx@langwohyphens=\language4
\c@mincomprange=\count365
\c@maxcomprange=\count366
\c@mincompwidth=\count367
Package biblatex Info: Trying to load biblatex default data model...
Package biblatex Info: ... file 'blx-dm.def' found.
(/Users/josealanis/Library/TinyTeX/texmf-dist/tex/latex/biblatex/blx-dm.def
File: blx-dm.def 2020/12/31 v3.16 biblatex localization (PK/MW)
)
Package biblatex Info: Trying to load biblatex custom data model...
Package biblatex Info: ... file 'biblatex-dm.cfg' not found.
\c@afterword=\count368
\c@savedafterword=\count369
\c@annotator=\count370
\c@savedannotator=\count371
\c@author=\count372
\c@savedauthor=\count373
\c@bookauthor=\count374
\c@savedbookauthor=\count375
\c@commentator=\count376
\c@savedcommentator=\count377
\c@editor=\count378
\c@savededitor=\count379
\c@editora=\count380
\c@savededitora=\count381
\c@editorb=\count382
\c@savededitorb=\count383
\c@editorc=\count384
\c@savededitorc=\count385
\c@foreword=\count386
\c@savedforeword=\count387
\c@holder=\count388
\c@savedholder=\count389
\c@introduction=\count390
\c@savedintroduction=\count391
\c@namea=\count392
\c@savednamea=\count393
\c@nameb=\count394
\c@savednameb=\count395
\c@namec=\count396
\c@savednamec=\count397
\c@translator=\count398
\c@savedtranslator=\count399
\c@shortauthor=\count400
\c@savedshortauthor=\count401
\c@shorteditor=\count402
\c@savedshorteditor=\count403
\c@labelname=\count404
\c@savedlabelname=\count405
\c@institution=\count406
\c@savedinstitution=\count407
\c@lista=\count408
\c@savedlista=\count409
\c@listb=\count410
\c@savedlistb=\count411
\c@listc=\count412
\c@savedlistc=\count413
\c@listd=\count414
\c@savedlistd=\count415
\c@liste=\count416
\c@savedliste=\count417
\c@listf=\count418
\c@savedlistf=\count419
\c@location=\count420
\c@savedlocation=\count421
\c@organization=\count422
\c@savedorganization=\count423
\c@origlocation=\count424
\c@savedoriglocation=\count425
\c@origpublisher=\count426
\c@savedorigpublisher=\count427
\c@publisher=\count428
\c@savedpublisher=\count429
\c@language=\count430
\c@savedlanguage=\count431
\c@origlanguage=\count432
\c@savedoriglanguage=\count433
\c@pageref=\count434
\c@savedpageref=\count435
\shorthandwidth=\skip71
\shortjournalwidth=\skip72
\shortserieswidth=\skip73
\shorttitlewidth=\skip74
\shortauthorwidth=\skip75
\shorteditorwidth=\skip76
\locallabelnumberwidth=\skip77
\locallabelalphawidth=\skip78
\localshorthandwidth=\skip79
\localshortjournalwidth=\skip80
\localshortserieswidth=\skip81
\localshorttitlewidth=\skip82
\localshortauthorwidth=\skip83
\localshorteditorwidth=\skip84
Package biblatex Info: Trying to load enhanced support for Unicode engines...
Package biblatex Info: ... file 'blx-unicode.def' found.

(/Users/josealanis/Library/TinyTeX/texmf-dist/tex/latex/biblatex/blx-unicode.de
f)
Package biblatex Info: Trying to load compatibility code...
Package biblatex Info: ... file 'blx-compat.def' found.

(/Users/josealanis/Library/TinyTeX/texmf-dist/tex/latex/biblatex/blx-compat.def
File: blx-compat.def 2020/12/31 v3.16 biblatex compatibility (PK/MW)
)
Package biblatex Info: Trying to load generic definitions...
Package biblatex Info: ... file 'biblatex.def' found.
(/Users/josealanis/Library/TinyTeX/texmf-dist/tex/latex/biblatex/biblatex.def
File: biblatex.def 2020/12/31 v3.16 biblatex compatibility (PK/MW)
\c@textcitecount=\count436
\c@textcitetotal=\count437
\c@textcitemaxnames=\count438
\c@biburlbigbreakpenalty=\count439
\c@biburlbreakpenalty=\count440
\c@biburlnumpenalty=\count441
\c@biburlucpenalty=\count442
\c@biburllcpenalty=\count443
\biburlbigskip=\muskip19
\biburlnumskip=\muskip20
\biburlucskip=\muskip21
\biburllcskip=\muskip22
\c@smartand=\count444
)
Package biblatex Info: Trying to load bibliography style 'numeric'...
Package biblatex Info: ... file 'numeric.bbx' found.

(/Users/josealanis/Library/TinyTeX/texmf-dist/tex/latex/biblatex/bbx/numeric.bb
x
File: numeric.bbx 2020/12/31 v3.16 biblatex bibliography style (PK/MW)
Package biblatex Info: Trying to load bibliography style 'standard'...
Package biblatex Info: ... file 'standard.bbx' found.

(/Users/josealanis/Library/TinyTeX/texmf-dist/tex/latex/biblatex/bbx/standard.b
bx
File: standard.bbx 2020/12/31 v3.16 biblatex bibliography style (PK/MW)
\c@bbx:relatedcount=\count445
\c@bbx:relatedtotal=\count446
))
Package biblatex Info: Trying to load citation style 'numeric'...
Package biblatex Info: ... file 'numeric.cbx' found.

(/Users/josealanis/Library/TinyTeX/texmf-dist/tex/latex/biblatex/cbx/numeric.cb
x
File: numeric.cbx 2020/12/31 v3.16 biblatex citation style (PK/MW)
Package biblatex Info: Redefining '\cite'.
Package biblatex Info: Redefining '\parencite'.
Package biblatex Info: Redefining '\footcite'.
Package biblatex Info: Redefining '\footcitetext'.
Package biblatex Info: Redefining '\smartcite'.
Package biblatex Info: Redefining '\supercite'.
Package biblatex Info: Redefining '\textcite'.
Package biblatex Info: Redefining '\textcites'.
Package biblatex Info: Redefining '\cites'.
Package biblatex Info: Redefining '\parencites'.
Package biblatex Info: Redefining '\smartcites'.
)
Package biblatex Info: Trying to load configuration file...
Package biblatex Info: ... file 'biblatex.cfg' found.
(/Users/josealanis/Library/TinyTeX/texmf-dist/tex/latex/biblatex/biblatex.cfg
File: biblatex.cfg 
))
Package csquotes Info: Checking for multilingual support...
Package csquotes Info: ... found 'babel' package.
Package csquotes Info: Adjusting default style.
Package csquotes Info: Redefining alias 'default' -> 'ngerman'.
(./_main.aux)
\openout1 = `_main.aux'.

LaTeX Font Info:    Checking defaults for OML/cmm/m/it on input line 126.
LaTeX Font Info:    ... okay on input line 126.
LaTeX Font Info:    Checking defaults for OMS/cmsy/m/n on input line 126.
LaTeX Font Info:    ... okay on input line 126.
LaTeX Font Info:    Checking defaults for OT1/cmr/m/n on input line 126.
LaTeX Font Info:    ... okay on input line 126.
LaTeX Font Info:    Checking defaults for T1/cmr/m/n on input line 126.
LaTeX Font Info:    ... okay on input line 126.
LaTeX Font Info:    Checking defaults for TS1/cmr/m/n on input line 126.
LaTeX Font Info:    ... okay on input line 126.
LaTeX Font Info:    Checking defaults for TU/lmr/m/n on input line 126.
LaTeX Font Info:    ... okay on input line 126.
LaTeX Font Info:    Checking defaults for OMX/cmex/m/n on input line 126.
LaTeX Font Info:    ... okay on input line 126.
LaTeX Font Info:    Checking defaults for U/cmr/m/n on input line 126.
LaTeX Font Info:    ... okay on input line 126.
LaTeX Font Info:    Checking defaults for PD1/pdf/m/n on input line 126.
LaTeX Font Info:    ... okay on input line 126.
LaTeX Font Info:    Checking defaults for PU/pdf/m/n on input line 126.
LaTeX Font Info:    ... okay on input line 126.
LaTeX Font Info:    Overwriting math alphabet `\mathrm' in version `normal'
(Font)                  OT1/lmr/m/n --> TU/lmr/m/n on input line 126.
LaTeX Font Info:    Overwriting math alphabet `\mathit' in version `normal'
(Font)                  OT1/lmr/m/it --> TU/lmr/m/it on input line 126.
LaTeX Font Info:    Overwriting math alphabet `\mathbf' in version `normal'
(Font)                  OT1/lmr/bx/n --> TU/lmr/bx/n on input line 126.
LaTeX Font Info:    Overwriting math alphabet `\mathsf' in version `normal'
(Font)                  OT1/lmss/m/n --> TU/lmss/m/n on input line 126.
LaTeX Font Info:    Overwriting math alphabet `\mathsf' in version `bold'
(Font)                  OT1/lmss/bx/n --> TU/lmss/bx/n on input line 126.
LaTeX Font Info:    Overwriting math alphabet `\mathtt' in version `normal'
(Font)                  OT1/lmtt/m/n --> TU/lmtt/m/n on input line 126.
LaTeX Font Info:    Overwriting math alphabet `\mathtt' in version `bold'
(Font)                  OT1/lmtt/m/n --> TU/lmtt/bx/n on input line 126.

Package fontspec Info: latinmodern-math scale = 0.9989520677190833.


Package fontspec Info: latinmodern-math scale = 0.9989520677190833.


Package fontspec Info: latinmodern-math scale = 0.9989520677190833.


Package fontspec Info: Font family 'latinmodern-math.otf(0)' created for font
(fontspec)             'latinmodern-math.otf' with options
(fontspec)             [Scale=MatchLowercase,BoldItalicFont={},ItalicFont={},Sm
allCapsFont={},Script=Math,BoldFont={latinmodern-math.otf}].
(fontspec)              
(fontspec)              This font family consists of the following NFSS
(fontspec)             series/shapes:
(fontspec)              
(fontspec)             - 'normal' (m/n) with NFSS spec.:
(fontspec)             <->s*[0.9989520677190833]"[latinmodern-math.otf]/OT:scri
pt=math;language=dflt;"
(fontspec)             - 'small caps'  (m/sc) with NFSS spec.: 
(fontspec)             - 'bold' (b/n) with NFSS spec.:
(fontspec)             <->s*[0.9989520677190833]"[latinmodern-math.otf]/OT:scri
pt=math;language=dflt;"
(fontspec)             - 'bold small caps'  (b/sc) with NFSS spec.: 

LaTeX Font Info:    Trying to load font information for T1+latinmodern-math.otf
(0) on input line 126.
LaTeX Font Info:    No file T1latinmodern-math.otf(0).fd. on input line 126.

LaTeX Font Warning: Font shape `T1/latinmodern-math.otf(0)/m/n' undefined
(Font)              using `T1/cmr/m/n' instead on input line 126.


Package unicode-math Warning: The first font loaded by unicode-math must be an
(unicode-math)                OpenType Math font (with script=math). If you
(unicode-math)                simply want ‘the default’ before loading
(unicode-math)                supplementary fonts over the top for certain
(unicode-math)                ranges, use: 
(unicode-math)                  \setmathfont{latinmodern-math.otf}


Package fontspec Info: latinmodern-math scale = 0.9989520677190833.


Package fontspec Info: latinmodern-math scale = 0.9989520677190833.


Package fontspec Info: latinmodern-math scale = 0.9989520677190833.


Package fontspec Info: latinmodern-math scale = 0.9989520677190833.


Package fontspec Info: latinmodern-math scale = 0.9989520677190833.


Package fontspec Info: Font family 'latinmodern-math.otf(1)' created for font
(fontspec)             'latinmodern-math.otf' with options
(fontspec)             [Scale=MatchLowercase,BoldItalicFont={},ItalicFont={},Sm
allCapsFont={},Script=Math,SizeFeatures={{Size=0-},{Size=0-0,Font=latinmodern-m
ath.otf,Style=MathScript},{Size=-0,Font=latinmodern-math.otf,Style=MathScriptSc
ript}},BoldFont={latinmodern-math.otf}].
(fontspec)              
(fontspec)              This font family consists of the following NFSS
(fontspec)             series/shapes:
(fontspec)              
(fontspec)             - 'normal' (m/n) with NFSS spec.:
(fontspec)             <0->s*[0.9989520677190833]"[latinmodern-math.otf]/OT:scr
ipt=math;language=dflt;"<0-0>s*[0.9989520677190833]"[latinmodern-math.otf]/OT:s
cript=math;language=dflt;+ssty=0;"<-0>s*[0.9989520677190833]"[latinmodern-math.
otf]/OT:script=math;language=dflt;+ssty=1;"
(fontspec)             - 'small caps'  (m/sc) with NFSS spec.: 
(fontspec)             - 'bold' (b/n) with NFSS spec.:
(fontspec)             <->s*[0.9989520677190833]"[latinmodern-math.otf]/OT:scri
pt=math;language=dflt;"
(fontspec)             - 'bold small caps'  (b/sc) with NFSS spec.: 

LaTeX Font Info:    Trying to load font information for T1+latinmodern-math.otf
(1) on input line 126.
LaTeX Font Info:    No file T1latinmodern-math.otf(1).fd. on input line 126.

LaTeX Font Warning: Font shape `T1/latinmodern-math.otf(1)/m/n' undefined
(Font)              using `T1/cmr/m/n' instead on input line 126.

LaTeX Font Info:    Encoding `OT1' has changed to `T1' for symbol font
(Font)              `operators' in the math version `normal' on input line 126.

LaTeX Font Info:    Overwriting symbol font `operators' in version `normal'
(Font)                  OT1/lmr/m/n --> T1/latinmodern-math.otf(1)/m/n on input
 line 126.
LaTeX Font Info:    Encoding `OT1' has changed to `T1' for symbol font
(Font)              `operators' in the math version `bold' on input line 126.
LaTeX Font Info:    Overwriting symbol font `operators' in version `bold'
(Font)                  OT1/lmr/bx/n --> T1/latinmodern-math.otf(1)/b/n on inpu
t line 126.
Package hyperref Info: Link coloring OFF on input line 126.
(/Users/josealanis/Library/TinyTeX/texmf-dist/tex/latex/hyperref/nameref.sty
Package: nameref 2021-04-02 v2.47 Cross-referencing by name of section
(/Users/josealanis/Library/TinyTeX/texmf-dist/tex/latex/refcount/refcount.sty
Package: refcount 2019/12/15 v3.6 Data extraction from label references (HO)
)
(/Users/josealanis/Library/TinyTeX/texmf-dist/tex/generic/gettitlestring/gettit
lestring.sty
Package: gettitlestring 2019/12/15 v1.6 Cleanup title references (HO)
)
\c@section@level=\count447
)
LaTeX Info: Redefining \ref on input line 126.
LaTeX Info: Redefining \pageref on input line 126.
LaTeX Info: Redefining \nameref on input line 126.
(./_main.out) (./_main.out)
\@outlinefile=\write5
\openout5 = `_main.out'.

Package biblatex Info: Trying to load language 'ngerman'...
Package biblatex Info: ... file 'ngerman.lbx' found.

(/Users/josealanis/Library/TinyTeX/texmf-dist/tex/latex/biblatex/lbx/ngerman.lb
x
File: ngerman.lbx 2020/12/31 v3.16 biblatex localization (PK/MW)
Package biblatex Info: Trying to load language 'german'...
Package biblatex Info: ... file 'german.lbx' found.

(/Users/josealanis/Library/TinyTeX/texmf-dist/tex/latex/biblatex/lbx/german.lbx
File: german.lbx 2020/12/31 v3.16 biblatex localization (PK/MW)
)
Package biblatex Info: Trying to load language 'german'...
Package biblatex Info: ... file 'german.lbx' found.

(/Users/josealanis/Library/TinyTeX/texmf-dist/tex/latex/biblatex/lbx/german.lbx
File: german.lbx 2020/12/31 v3.16 biblatex localization (PK/MW)
))
Package biblatex Info: XeTeX detected.
(biblatex)             Assuming input encoding 'utf8'.
Package biblatex Info: Automatic encoding selection.
(biblatex)             Assuming data encoding 'utf8'.
Package biblatex Info: Document encoding is UTF8 ....
Package biblatex Info: ... and expl3
(biblatex)             2021-10-18 L3 programming layer (loader) 
(biblatex)             is new enough (at least 2020/04/06),
(biblatex)             setting 'casechanger=expl3'.

(/Users/josealanis/Library/TinyTeX/texmf-dist/tex/latex/biblatex/blx-case-expl3
.sty
Package: blx-case-expl3 2020/12/31 v3.16 expl3 case changing code for biblatex
)
\openout4 = `_main.bcf'.

Package biblatex Info: Trying to load bibliographic data...
Package biblatex Info: ... file '_main.bbl' found.
(./_main.bbl)
Package biblatex Info: Reference section=0 on input line 126.
Package biblatex Info: Reference segment=0 on input line 126.
LaTeX Font Info:    Trying to load font information for OML+lmm on input line 1
28.
(/Users/josealanis/Library/TinyTeX/texmf-dist/tex/latex/lm/omllmm.fd
File: omllmm.fd 2015/05/01 v1.6.1 Font defs for Latin Modern
)
LaTeX Font Info:    Trying to load font information for OMS+lmsy on input line 
128.
(/Users/josealanis/Library/TinyTeX/texmf-dist/tex/latex/lm/omslmsy.fd
File: omslmsy.fd 2015/05/01 v1.6.1 Font defs for Latin Modern
)
LaTeX Font Info:    Trying to load font information for OMX+lmex on input line 
128.
(/Users/josealanis/Library/TinyTeX/texmf-dist/tex/latex/lm/omxlmex.fd
File: omxlmex.fd 2015/05/01 v1.6.1 Font defs for Latin Modern
)
LaTeX Font Info:    External font `lmex10' loaded for size
(Font)              <12> on input line 128.
LaTeX Font Info:    External font `lmex10' loaded for size
(Font)              <8> on input line 128.
LaTeX Font Info:    External font `lmex10' loaded for size
(Font)              <6> on input line 128.
LaTeX Font Info:    Trying to load font information for U+msa on input line 128
.
(/Users/josealanis/Library/TinyTeX/texmf-dist/tex/latex/amsfonts/umsa.fd
File: umsa.fd 2013/01/14 v3.01 AMS symbols A
)
LaTeX Font Info:    Trying to load font information for U+msb on input line 128
.
(/Users/josealanis/Library/TinyTeX/texmf-dist/tex/latex/amsfonts/umsb.fd
File: umsb.fd 2013/01/14 v3.01 AMS symbols B
) [1


] [2

] (./_main.toc
LaTeX Font Info:    External font `lmex10' loaded for size
(Font)              <10> on input line 6.
LaTeX Font Info:    External font `lmex10' loaded for size
(Font)              <7> on input line 6.
LaTeX Font Info:    External font `lmex10' loaded for size
(Font)              <5> on input line 6.
LaTeX Font Info:    Trying to load font information for T1+lmtt on input line 8
8.
(/Users/josealanis/Library/TinyTeX/texmf-dist/tex/latex/lm/t1lmtt.fd
File: t1lmtt.fd 2015/05/01 v1.6.1 Font defs for Latin Modern
) [3])
\tf@toc=\write6
\openout6 = `_main.toc'.

[4]
Kapitel 1.

Underfull \hbox (badness 1038) in paragraph at lines 136--137
\T1/lmr/m/n/10 Lehrver-anstal-tun-gen der Ar-beit-sein-heit-en \T1/lmr/m/it/10 
Anal-yse und Mod-el-lierung kom-
 []


Underfull \vbox (badness 7667) has occurred while \output is active []

[5

] [6]
Kapitel 2.
Missing character: There is no „ ("201E) in font ec-lmr10!
[7

]
Missing character: There is no „ ("201E) in font ec-lmr10!
Missing character: There is no → ("2192) in font ecrm1000!
Missing character: There is no → ("2192) in font ecrm1000!
Missing character: There is no „ ("201E) in font ec-lmr10!
Missing character: There is no → ("2192) in font ecrm1000!
Missing character: There is no → ("2192) in font ecrm1000!
Missing character: There is no „ ("201E) in font ec-lmr10!
Missing character: There is no „ ("201E) in font ec-lmr10!
[8]
Underfull \hbox (badness 1320) in paragraph at lines 279--280
\T1/lmr/m/n/10 ver-schiedene Funk-tio-nen zu bün-deln, die für ver-schiedene ps
y-chol-o-gis-che
 []

[9]
Missing character: There is no → ("2192) in font ec-lmr10!
Missing character: There is no → ("2192) in font ec-lmr10!

Underfull \hbox (badness 7256) in paragraph at lines 325--326
\T1/lmr/m/n/10 ``setwd(''/haha/good/luck/``)'' geschrieben. Ein verängstigtes, 
niedlich-es,
 []

[10] [11] [12

]
Kapitel 3.
[13] [14]
LaTeX Font Info:    Trying to load font information for TS1+lmtt on input line 
496.
(/Users/josealanis/Library/TinyTeX/texmf-dist/tex/latex/lm/ts1lmtt.fd
File: ts1lmtt.fd 2015/05/01 v1.6.1 Font defs for Latin Modern
) [15]
LaTeX Font Info:    Font shape `T1/lmtt/bx/n' in size <10> not available
(Font)              Font shape `T1/lmtt/b/n' tried instead on input line 578.

LaTeX Font Warning: Font shape `T1/lmtt/bx/it' in size <10> not available
(Font)              Font shape `T1/lmtt/b/sl' tried instead on input line 578.

[16]
Overfull \hbox (484.49759pt too wide) in paragraph at lines 683--683
[]\T1/lmtt/m/n/10 ## [1] Kontrollgruppe     Experimentalgruppe Experimentalgrup
pe Kontrollgruppe     Experimentalgruppe Kontrollgruppe     Kontrollgruppe     
Experimentalgruppe[] 
 []

[17] [18]
Missing character: There is no ß ("DF) in font ec-lmtti10!
[19] [20]
File: _main_files/figure-latex/unnamed-chunk-39-1.pdf Graphic file (type pdf)
<use _main_files/figure-latex/unnamed-chunk-39-1.pdf>

Underfull \vbox (badness 10000) has occurred while \output is active []

[21]
File: _main_files/figure-latex/unnamed-chunk-39-2.pdf Graphic file (type pdf)
<use _main_files/figure-latex/unnamed-chunk-39-2.pdf>

Underfull \vbox (badness 10000) has occurred while \output is active []

[22]
Underfull \hbox (badness 1590) in paragraph at lines 963--964
[]\T1/lmr/m/n/10 Sie kön-nen auch mehrere lo-gis-che Ver-gle-iche kom-binieren.
 In Reak-tion-
 []

Missing character: There is no ß ("DF) in font ec-lmtti10!
File: _main_files/figure-latex/unnamed-chunk-42-1.pdf Graphic file (type pdf)
<use _main_files/figure-latex/unnamed-chunk-42-1.pdf>

Underfull \vbox (badness 10000) has occurred while \output is active []

[23] [24]
Kapitel 4.
File: _static/RMarkmitNum.png Graphic file (type bmp)
<_static/RMarkmitNum.png>

Underfull \vbox (badness 10000) has occurred while \output is active []

[25

]
Underfull \vbox (badness 1831) has occurred while \output is active []

[26] [27]
Underfull \hbox (badness 1092) in paragraph at lines 1108--1109
[]\T1/lmr/m/n/10 Versuchen Sie aus ver-schiede-nen Typen einen Vek-tor zu bilde
n, wer-den
 []

[28]
Missing character: There is no ß ("DF) in font ec-lmtti10!
File: _static/Workspace.png Graphic file (type bmp)
<_static/Workspace.png>
[29]
Overfull \hbox (3.08359pt too wide) in alignment at lines 1241--1245
 [] [] [] [] 
 []


Overfull \hbox (9.68896pt too wide) in paragraph at lines 1249--1250
 []|\T1/lmr/m/n/10 Standardabweichung| 
 []


Overfull \hbox (3.08359pt too wide) in alignment at lines 1245--1255
 [] [] [] [] 
 []

[30] [31] [32]
Missing character: There is no ß ("DF) in font ec-lmtti10!
[33] [34]
File: _static/tidydata_2.png Graphic file (type bmp)
<_static/tidydata_2.png>
[35]
Overfull \hbox (35.99579pt too wide) in alignment at lines 1614--1618
 [] [] [] 
 []


Overfull \hbox (35.99579pt too wide) in alignment at lines 1618--1627
 [] [] [] 
 []

[36] [37] [38]
Overfull \hbox (158.99854pt too wide) in paragraph at lines 1769--1769
[]\T1/lmtt/m/n/10 ## [1] "Ed Sheeran"      "Billy Ellish"    "The Weeknd"      
"Dua Lipa"        "Imagine Dragons"[] 
 []

[39]
File: _static/penguin.png Graphic file (type bmp)
<_static/penguin.png>

Overfull \hbox (17.47188pt too wide) in paragraph at lines 1832--1833
[]\T1/lmr/m/n/10 Nach ein-ma-liger In-stal-la-tion des Pack-ages (\T1/lmtt/m/n/
10 install.packages("palmerpenguins"\T1/lmr/m/n/10 )
 []

[40]
Underfull \hbox (badness 1953) in paragraph at lines 1882--1883
[]\T1/lmr/m/n/10 Excel Dateien wer-den mit Funk-tio-nen \T1/lmtt/m/n/10 read_ex
cel()\T1/lmr/m/n/10 , \T1/lmtt/m/n/10 read_xls() \T1/lmr/m/n/10 oder
 []

[41]
Overfull \hbox (148.49857pt too wide) in paragraph at lines 1909--1909
[]\T1/lmtt/m/n/10 ##   species island    bill_length_mm bill_depth_mm flipper_l
ength_mm body_mass_g sex     year[] 
 []


Overfull \hbox (148.49857pt too wide) in paragraph at lines 1909--1909
[]\T1/lmtt/m/n/10 ##   <fct>   <fct>              <dbl>         <dbl>          
   <int>       <int> <fct>  <int>[] 
 []


Overfull \hbox (148.49857pt too wide) in paragraph at lines 1909--1909
[]\T1/lmtt/m/n/10 ## 1 Adelie  Torgersen           39.1          18.7          
     181        3750 male    2007[] 
 []


Overfull \hbox (148.49857pt too wide) in paragraph at lines 1909--1909
[]\T1/lmtt/m/n/10 ## 2 Adelie  Torgersen           39.5          17.4          
     186        3800 female  2007[] 
 []


Overfull \hbox (148.49857pt too wide) in paragraph at lines 1909--1909
[]\T1/lmtt/m/n/10 ## 3 Adelie  Torgersen           40.3          18            
     195        3250 female  2007[] 
 []


Overfull \hbox (148.49857pt too wide) in paragraph at lines 1909--1909
[]\T1/lmtt/m/n/10 ## 4 Adelie  Torgersen           NA            NA            
      NA          NA <NA>    2007[] 
 []


Overfull \hbox (148.49857pt too wide) in paragraph at lines 1909--1909
[]\T1/lmtt/m/n/10 ## 5 Adelie  Torgersen           36.7          19.3          
     193        3450 female  2007[] 
 []


Overfull \hbox (148.49857pt too wide) in paragraph at lines 1909--1909
[]\T1/lmtt/m/n/10 ## 6 Adelie  Torgersen           39.3          20.6          
     190        3650 male    2007[] 
 []


Overfull \hbox (137.9986pt too wide) in paragraph at lines 1931--1931
[]\T1/lmtt/m/n/10 ##  $ species          : Factor w/ 3 levels "Adelie","Chinstr
ap",..: 1 1 1 1 1 1 1 1 1 1 ...[] 
 []


Overfull \hbox (116.99866pt too wide) in paragraph at lines 1931--1931
[]\T1/lmtt/m/n/10 ##  $ island           : Factor w/ 3 levels "Biscoe","Dream",
..: 3 3 3 3 3 3 3 3 3 3 ...[] 
 []


Overfull \hbox (106.49869pt too wide) in paragraph at lines 1931--1931
[]\T1/lmtt/m/n/10 ##  $ bill_length_mm   : num [1:344] 39.1 39.5 40.3 NA 36.7 3
9.3 38.9 39.2 34.1 42 ...[] 
 []


Overfull \hbox (106.49869pt too wide) in paragraph at lines 1931--1931
[]\T1/lmtt/m/n/10 ##  $ bill_depth_mm    : num [1:344] 18.7 17.4 18 NA 19.3 20.
6 17.8 19.6 18.1 20.2 ...[] 
 []


Overfull \hbox (69.7488pt too wide) in paragraph at lines 1931--1931
[]\T1/lmtt/m/n/10 ##  $ flipper_length_mm: int [1:344] 181 186 195 NA 193 190 1
81 195 193 190 ...[] 
 []


Overfull \hbox (116.99866pt too wide) in paragraph at lines 1931--1931
[]\T1/lmtt/m/n/10 ##  $ body_mass_g      : int [1:344] 3750 3800 3250 NA 3450 3
650 3625 4675 3475 4250 ...[] 
 []


Overfull \hbox (111.74867pt too wide) in paragraph at lines 1931--1931
[]\T1/lmtt/m/n/10 ##  $ sex              : Factor w/ 2 levels "female","male": 
2 1 1 NA 1 2 1 2 NA NA ...[] 
 []


Overfull \hbox (127.49863pt too wide) in paragraph at lines 1931--1931
[]\T1/lmtt/m/n/10 ##  $ year             : int [1:344] 2007 2007 2007 2007 2007
 2007 2007 2007 2007 2007 ...[] 
 []

[42] [43] [44

]
Kapitel 5.
File: _static/dplyr_hex.png Graphic file (type bmp)
<_static/dplyr_hex.png>
File: _static/data_wrangler.png Graphic file (type bmp)
<_static/data_wrangler.png>

Underfull \vbox (badness 10000) has occurred while \output is active []

[45]
Overfull \hbox (232.49832pt too wide) in paragraph at lines 2000--2000
[]\T1/lmtt/m/n/10 ##   name               height  mass hair_color  skin_color e
ye_color   Age sex    gender    homeworld species[] 
 []


Overfull \hbox (221.99835pt too wide) in paragraph at lines 2000--2000
[]\T1/lmtt/m/n/10 ##   <chr>               <int> <dbl> <fct>       <fct>      <
fct>     <dbl> <fct>  <fct>     <chr>     <chr>[] 
 []


Overfull \hbox (221.99835pt too wide) in paragraph at lines 2000--2000
[]\T1/lmtt/m/n/10 ## 1 Luke Skywalker        172    77 blond       fair       b
lue       19   male   masculine Tatooine  Human[] 
 []


Overfull \hbox (221.99835pt too wide) in paragraph at lines 2000--2000
[]\T1/lmtt/m/n/10 ## 2 Darth Vader           202   136 none        white      y
ellow     41.9 male   masculine Tatooine  Human[] 
 []

[46]
Overfull \hbox (221.99835pt too wide) in paragraph at lines 2000--2000
[]\T1/lmtt/m/n/10 ## 3 Leia Organa           150    49 brown       light      b
rown      19   female feminine  Alderaan  Human[] 
 []


Overfull \hbox (221.99835pt too wide) in paragraph at lines 2000--2000
[]\T1/lmtt/m/n/10 ## 4 Owen Lars             178   120 brown, grey light      b
lue       52   male   masculine Tatooine  Human[] 
 []


Overfull \hbox (221.99835pt too wide) in paragraph at lines 2000--2000
[]\T1/lmtt/m/n/10 ## 5 Beru Whitesun lars    165    75 brown       light      b
lue       47   female feminine  Tatooine  Human[] 
 []


Overfull \hbox (227.24834pt too wide) in paragraph at lines 2020--2020
[]\T1/lmtt/m/n/10 ##   name            height  mass hair_color skin_color eye_c
olor   Age sex    gender    homeworld    species[] 
 []


Overfull \hbox (216.74837pt too wide) in paragraph at lines 2020--2020
[]\T1/lmtt/m/n/10 ##   <chr>            <int> <dbl> <fct>      <fct>      <fct>
     <dbl> <fct>  <fct>     <chr>        <chr>[] 
 []


Overfull \hbox (232.49832pt too wide) in paragraph at lines 2020--2020
[]\T1/lmtt/m/n/10 ## 1 Luminara Unduli    170  56.2 black      yellow     blue 
        58 female feminine  Mirial       Mirialan[] 
 []


Overfull \hbox (232.49832pt too wide) in paragraph at lines 2020--2020
[]\T1/lmtt/m/n/10 ## 2 Barriss Offee      166  50   black      yellow     blue 
        40 female feminine  Mirial       Mirialan[] 
 []


Overfull \hbox (216.74837pt too wide) in paragraph at lines 2020--2020
[]\T1/lmtt/m/n/10 ## 3 Dooku              193  80   white      fair       brown
       102 male   masculine Serenno      Human[] 
 []


Overfull \hbox (216.74837pt too wide) in paragraph at lines 2020--2020
[]\T1/lmtt/m/n/10 ## 4 Jango Fett         183  79   black      tan        brown
        66 male   masculine Concord Dawn Human[] 
 []


Overfull \hbox (216.74837pt too wide) in paragraph at lines 2020--2020
[]\T1/lmtt/m/n/10 ## 5 Padmé Amidala      165  45   brown      light      brown
        46 female feminine  Naboo        Human[] 
 []


Overfull \hbox (500.24754pt too wide) in paragraph at lines 2047--2047
[]\T1/lmtt/m/n/10 ##      name               height         mass               
 hair_color   skin_color   eye_color       Age                     sex         
  gender    homeworld[] 
 []


Overfull \hbox (494.99756pt too wide) in paragraph at lines 2047--2047
[]\T1/lmtt/m/n/10 ##  Length:29          Min.   : 88   Min.   : 20.00   none   
      :9    fair   :7    brown  :10   Min.   :  8.00   female        : 6   femi
nine : 6   Length:29[] 
 []


Overfull \hbox (531.74745pt too wide) in paragraph at lines 2047--2047
[]\T1/lmtt/m/n/10 ##  Class :character   1st Qu.:170   1st Qu.: 75.00   brown  
      :7    light  :6    blue   : 8   1st Qu.: 31.00   hermaphroditic: 0   masc
uline:23   Class :character[] 
 []


Overfull \hbox (531.74745pt too wide) in paragraph at lines 2047--2047
[]\T1/lmtt/m/n/10 ##  Mode  :character   Median :180   Median : 79.00   black  
      :6    dark   :2    yellow : 4   Median : 46.00   male          :23       
           Mode  :character[] 
 []


Overfull \hbox (353.24797pt too wide) in paragraph at lines 2047--2047
[]\T1/lmtt/m/n/10 ##                     Mean   :178   Mean   : 77.77   blond  
      :2    orange :2    hazel  : 2   Mean   : 51.29   none          : 0[] 
 []


Overfull \hbox (248.24828pt too wide) in paragraph at lines 2047--2047
[]\T1/lmtt/m/n/10 ##                     3rd Qu.:188   3rd Qu.: 83.00   white  
      :2    pale   :2    orange : 2   3rd Qu.: 57.00[] 
 []


Overfull \hbox (248.24828pt too wide) in paragraph at lines 2047--2047
[]\T1/lmtt/m/n/10 ##                     Max.   :228   Max.   :136.00   auburn,
 white:1    yellow :2    black  : 1   Max.   :200.00[] 
 []


Overfull \hbox (158.99854pt too wide) in paragraph at lines 2047--2047
[]\T1/lmtt/m/n/10 ##                                                    (Other)
      :2    (Other):8    (Other): 2[] 
 []

LaTeX Font Info:    Font shape `T1/lmtt/bx/n' in size <14.4> not available
(Font)              Font shape `T1/lmtt/b/n' tried instead on input line 2056.

Underfull \vbox (badness 4752) has occurred while \output is active []

[47]
Underfull \hbox (badness 2426) in paragraph at lines 2084--2086
[]\T1/lmr/bx/n/10 Die nach-fol-gen-den Ar-gu-mente beschreiben, was mit dem
 []

[48]
Missing character: There is no ß ("DF) in font ec-lmtti10!

Overfull \hbox (185.24846pt too wide) in paragraph at lines 2108--2108
[]\T1/lmtt/m/n/10 ##   name        height  mass hair_color skin_color eye_color
   Age sex   gender    homeworld species[] 
 []


Overfull \hbox (174.74849pt too wide) in paragraph at lines 2108--2108
[]\T1/lmtt/m/n/10 ##   <chr>        <int> <dbl> <fct>      <fct>      <fct>    
 <dbl> <fct> <fct>     <chr>     <chr>[] 
 []


Overfull \hbox (174.74849pt too wide) in paragraph at lines 2108--2108
[]\T1/lmtt/m/n/10 ## 1 Darth Vader    202   136 none       white      yellow   
  41.9 male  masculine Tatooine  Human[] 
 []


Overfull \hbox (185.24846pt too wide) in paragraph at lines 2108--2108
[]\T1/lmtt/m/n/10 ## 2 Chewbacca      228   112 brown      unknown    blue     
 200   male  masculine Kashyyyk  Wookiee[] 
 []

File: _static/dplyr_filter_sm.png Graphic file (type bmp)
<_static/dplyr_filter_sm.png>

Underfull \vbox (badness 1728) has occurred while \output is active []

[49]
Overfull \hbox (263.99823pt too wide) in paragraph at lines 2149--2149
[]\T1/lmtt/m/n/10 ##    name               height  mass hair_color    skin_colo
r eye_color   Age sex    gender    homeworld    species[] 
 []


Overfull \hbox (253.49826pt too wide) in paragraph at lines 2149--2149
[]\T1/lmtt/m/n/10 ##    <chr>               <int> <dbl> <fct>         <fct>    
  <fct>     <dbl> <fct>  <fct>     <chr>        <chr>[] 
 []


Overfull \hbox (253.49826pt too wide) in paragraph at lines 2149--2149
[]\T1/lmtt/m/n/10 ##  1 Luke Skywalker        172  77   blond         fair     
  blue       19   male   masculine Tatooine     Human[] 
 []


Overfull \hbox (253.49826pt too wide) in paragraph at lines 2149--2149
[]\T1/lmtt/m/n/10 ##  2 Darth Vader           202 136   none          white    
  yellow     41.9 male   masculine Tatooine     Human[] 
 []


Overfull \hbox (253.49826pt too wide) in paragraph at lines 2149--2149
[]\T1/lmtt/m/n/10 ##  3 Leia Organa           150  49   brown         light    
  brown      19   female feminine  Alderaan     Human[] 
 []


Overfull \hbox (253.49826pt too wide) in paragraph at lines 2149--2149
[]\T1/lmtt/m/n/10 ##  4 Owen Lars             178 120   brown, grey   light    
  blue       52   male   masculine Tatooine     Human[] 
 []


Overfull \hbox (253.49826pt too wide) in paragraph at lines 2149--2149
[]\T1/lmtt/m/n/10 ##  5 Beru Whitesun lars    165  75   brown         light    
  blue       47   female feminine  Tatooine     Human[] 
 []


Overfull \hbox (253.49826pt too wide) in paragraph at lines 2149--2149
[]\T1/lmtt/m/n/10 ##  6 Biggs Darklighter     183  84   black         light    
  brown      24   male   masculine Tatooine     Human[] 
 []


Overfull \hbox (253.49826pt too wide) in paragraph at lines 2149--2149
[]\T1/lmtt/m/n/10 ##  7 Obi-Wan Kenobi        182  77   auburn, white fair     
  blue-gray  57   male   masculine Stewjon      Human[] 
 []


Overfull \hbox (253.49826pt too wide) in paragraph at lines 2149--2149
[]\T1/lmtt/m/n/10 ##  8 Anakin Skywalker      188  84   blond         fair     
  blue       41.9 male   masculine Tatooine     Human[] 
 []


Overfull \hbox (253.49826pt too wide) in paragraph at lines 2149--2149
[]\T1/lmtt/m/n/10 ##  9 Han Solo              180  80   brown         fair     
  brown      29   male   masculine Corellia     Human[] 
 []


Overfull \hbox (253.49826pt too wide) in paragraph at lines 2149--2149
[]\T1/lmtt/m/n/10 ## 10 Wedge Antilles        170  77   brown         fair     
  hazel      21   male   masculine Corellia     Human[] 
 []


Overfull \hbox (253.49826pt too wide) in paragraph at lines 2149--2149
[]\T1/lmtt/m/n/10 ## 11 Palpatine             170  75   grey          pale     
  yellow     82   male   masculine Naboo        Human[] 
 []


Overfull \hbox (253.49826pt too wide) in paragraph at lines 2149--2149
[]\T1/lmtt/m/n/10 ## 12 Boba Fett             183  78.2 black         fair     
  brown      31.5 male   masculine Kamino       Human[] 
 []


Overfull \hbox (253.49826pt too wide) in paragraph at lines 2149--2149
[]\T1/lmtt/m/n/10 ## 13 Lando Calrissian      177  79   black         dark     
  brown      31   male   masculine Socorro      Human[] 
 []


Overfull \hbox (253.49826pt too wide) in paragraph at lines 2149--2149
[]\T1/lmtt/m/n/10 ## 14 Lobot                 175  79   none          light    
  blue       37   male   masculine Bespin       Human[] 
 []


Overfull \hbox (253.49826pt too wide) in paragraph at lines 2149--2149
[]\T1/lmtt/m/n/10 ## 15 Mace Windu            188  84   none          dark     
  brown      72   male   masculine Haruun Kal   Human[] 
 []


Overfull \hbox (253.49826pt too wide) in paragraph at lines 2149--2149
[]\T1/lmtt/m/n/10 ## 16 Dooku                 193  80   white         fair     
  brown     102   male   masculine Serenno      Human[] 
 []


Overfull \hbox (253.49826pt too wide) in paragraph at lines 2149--2149
[]\T1/lmtt/m/n/10 ## 17 Jango Fett            183  79   black         tan      
  brown      66   male   masculine Concord Dawn Human[] 
 []


Overfull \hbox (253.49826pt too wide) in paragraph at lines 2149--2149
[]\T1/lmtt/m/n/10 ## 18 Padmé Amidala         165  45   brown         light    
  brown      46   female feminine  Naboo        Human[] 
 []


Overfull \hbox (237.7483pt too wide) in paragraph at lines 2174--2174
[]\T1/lmtt/m/n/10 ##    name              height  mass hair_color    skin_color
 eye_color   Age sex   gender    homeworld species[] 
 []


Overfull \hbox (227.24834pt too wide) in paragraph at lines 2174--2174
[]\T1/lmtt/m/n/10 ##    <chr>              <int> <dbl> <fct>         <fct>     
 <fct>     <dbl> <fct> <fct>     <chr>     <chr>[] 
 []


Overfull \hbox (227.24834pt too wide) in paragraph at lines 2174--2174
[]\T1/lmtt/m/n/10 ##  1 Luke Skywalker       172    77 blond         fair      
 blue       19   male  masculine Tatooine  Human[] 
 []


Overfull \hbox (227.24834pt too wide) in paragraph at lines 2174--2174
[]\T1/lmtt/m/n/10 ##  2 Darth Vader          202   136 none          white     
 yellow     41.9 male  masculine Tatooine  Human[] 
 []


Overfull \hbox (227.24834pt too wide) in paragraph at lines 2174--2174
[]\T1/lmtt/m/n/10 ##  3 Owen Lars            178   120 brown, grey   light     
 blue       52   male  masculine Tatooine  Human[] 
 []


Overfull \hbox (227.24834pt too wide) in paragraph at lines 2174--2174
[]\T1/lmtt/m/n/10 ##  4 Biggs Darklighter    183    84 black         light     
 brown      24   male  masculine Tatooine  Human[] 
 []


Overfull \hbox (227.24834pt too wide) in paragraph at lines 2174--2174
[]\T1/lmtt/m/n/10 ##  5 Obi-Wan Kenobi       182    77 auburn, white fair      
 blue-gray  57   male  masculine Stewjon   Human[] 
 []


Overfull \hbox (227.24834pt too wide) in paragraph at lines 2174--2174
[]\T1/lmtt/m/n/10 ##  6 Anakin Skywalker     188    84 blond         fair      
 blue       41.9 male  masculine Tatooine  Human[] 
 []


Overfull \hbox (237.7483pt too wide) in paragraph at lines 2174--2174
[]\T1/lmtt/m/n/10 ##  7 Chewbacca            228   112 brown         unknown   
 blue      200   male  masculine Kashyyyk  Wookiee[] 
 []


Overfull \hbox (227.24834pt too wide) in paragraph at lines 2174--2174
[]\T1/lmtt/m/n/10 ##  8 Han Solo             180    80 brown         fair      
 brown      29   male  masculine Corellia  Human[] 
 []


Overfull \hbox (227.24834pt too wide) in paragraph at lines 2174--2174
[]\T1/lmtt/m/n/10 ##  9 Wedge Antilles       170    77 brown         fair      
 hazel      21   male  masculine Corellia  Human[] 
 []


Overfull \hbox (227.24834pt too wide) in paragraph at lines 2174--2174
[]\T1/lmtt/m/n/10 ## 10 Palpatine            170    75 grey          pale      
 yellow     82   male  masculine Naboo     Human[] 
 []

[50]
Overfull \hbox (211.49838pt too wide) in paragraph at lines 2190--2190
[]\T1/lmtt/m/n/10 ##   name             height  mass hair_color skin_color eye_
color   Age sex   gender    homeworld species[] 
 []


Overfull \hbox (200.99841pt too wide) in paragraph at lines 2190--2190
[]\T1/lmtt/m/n/10 ##   <chr>             <int> <dbl> <fct>      <fct>      <fct
>     <dbl> <fct> <fct>     <chr>     <chr>[] 
 []


Overfull \hbox (200.99841pt too wide) in paragraph at lines 2190--2190
[]\T1/lmtt/m/n/10 ## 1 Luke Skywalker      172    77 blond      fair       blue
       19   male  masculine Tatooine  Human[] 
 []


Overfull \hbox (200.99841pt too wide) in paragraph at lines 2190--2190
[]\T1/lmtt/m/n/10 ## 2 Anakin Skywalker    188    84 blond      fair       blue
       41.9 male  masculine Tatooine  Human[] 
 []


Underfull \hbox (badness 2426) in paragraph at lines 2202--2204
[]\T1/lmr/bx/n/10 Die nach-fol-gen-den Ar-gu-mente beschreiben, was mit dem
 []

[51]
Overfull \hbox (0.36005pt too wide) in paragraph at lines 2243--2245
[]\T1/lmtt/m/n/10 group_by(species, homeworld) \T1/lmr/m/n/10 und \T1/lmtt/m/n/
10 summarise(mean_Age=mean(Age)) 
 []


Overfull \hbox (158.99854pt too wide) in paragraph at lines 2260--2260
[]\T1/lmtt/m/n/10 ## \TS1/lmtt/m/n/10 `\T1/lmtt/m/n/10 summarise()\TS1/lmtt/m/n
/10 ` \T1/lmtt/m/n/10 has grouped output by \TS1/lmtt/m/n/10 '\T1/lmtt/m/n/10 s
pecies\TS1/lmtt/m/n/10 '\T1/lmtt/m/n/10 . You can override using the \TS1/lmtt/
m/n/10 `\T1/lmtt/m/n/10 .groups\TS1/lmtt/m/n/10 ` \T1/lmtt/m/n/10 argument.[] 
 []

[52]
File: _static/dplyr_mutate.png Graphic file (type bmp)
<_static/dplyr_mutate.png>

Underfull \vbox (badness 10000) has occurred while \output is active []

[53] [54]
File: _static/dplyr_across_where.jpeg Graphic file (type bmp)
<_static/dplyr_across_where.jpeg>

Underfull \vbox (badness 10000) has occurred while \output is active []

[55]
Overfull \hbox (374.24791pt too wide) in paragraph at lines 2416--2416
[]\T1/lmtt/m/n/10 ##    name               height  mass hair_color    skin_colo
r eye_color   Age sex    gender    homeworld species height_z[,1] mass_z[,1][] 

 []


Overfull \hbox (374.24791pt too wide) in paragraph at lines 2416--2416
[]\T1/lmtt/m/n/10 ##    <chr>               <int> <dbl> <fct>         <fct>    
  <fct>     <dbl> <fct>  <fct>     <chr>     <chr>          <dbl>      <dbl>[] 

 []


Overfull \hbox (374.24791pt too wide) in paragraph at lines 2416--2416
[]\T1/lmtt/m/n/10 ##  1 Luke Skywalker        172    77 blond         fair     
  blue       19   male   masculine Tatooine  Human       -0.265      -0.0335[] 

 []


Overfull \hbox (363.74794pt too wide) in paragraph at lines 2416--2416
[]\T1/lmtt/m/n/10 ##  2 Darth Vader           202   136 none          white    
  yellow     41.9 male   masculine Tatooine  Human        1.07        2.52[] 
 []


Overfull \hbox (363.74794pt too wide) in paragraph at lines 2416--2416
[]\T1/lmtt/m/n/10 ##  3 Leia Organa           150    49 brown         light    
  brown      19   female feminine  Alderaan  Human       -1.24       -1.25[] 
 []


Overfull \hbox (363.74794pt too wide) in paragraph at lines 2416--2416
[]\T1/lmtt/m/n/10 ##  4 Owen Lars             178   120 brown, grey   light    
  blue       52   male   masculine Tatooine  Human        0.00153     1.83[] 
 []


Overfull \hbox (368.99792pt too wide) in paragraph at lines 2416--2416
[]\T1/lmtt/m/n/10 ##  5 Beru Whitesun lars    165    75 brown         light    
  blue       47   female feminine  Tatooine  Human       -0.576      -0.120[] 
 []


Overfull \hbox (368.99792pt too wide) in paragraph at lines 2416--2416
[]\T1/lmtt/m/n/10 ##  6 Biggs Darklighter     183    84 black         light    
  brown      24   male   masculine Tatooine  Human        0.224       0.270[] 
 []


Overfull \hbox (374.24791pt too wide) in paragraph at lines 2416--2416
[]\T1/lmtt/m/n/10 ##  7 Obi-Wan Kenobi        182    77 auburn, white fair     
  blue-gray  57   male   masculine Stewjon   Human        0.179      -0.0335[] 

 []


Overfull \hbox (368.99792pt too wide) in paragraph at lines 2416--2416
[]\T1/lmtt/m/n/10 ##  8 Anakin Skywalker      188    84 blond         fair     
  blue       41.9 male   masculine Tatooine  Human        0.446       0.270[] 
 []


Overfull \hbox (363.74794pt too wide) in paragraph at lines 2416--2416
[]\T1/lmtt/m/n/10 ##  9 Chewbacca             228   112 brown         unknown  
  blue      200   male   masculine Kashyyyk  Wookiee      2.22        1.48[] 
 []

[56]
Overfull \hbox (374.24791pt too wide) in paragraph at lines 2416--2416
[]\T1/lmtt/m/n/10 ## 10 Han Solo              180    80 brown         fair     
  brown      29   male   masculine Corellia  Human        0.0904      0.0965[] 

 []

[57] [58

]
Kapitel 6.
File: _static/ggplot2_masterpiece.png Graphic file (type bmp)
<_static/ggplot2_masterpiece.png>

Overfull \hbox (31.37788pt too wide) in paragraph at lines 2421--2422
[]
 []


Underfull \vbox (badness 10000) has occurred while \output is active []

[59]
Missing character: There is no → ("2192) in font ecrm1000!
File: _static/viridis_jet.png Graphic file (type bmp)
<_static/viridis_jet.png>
File: _static/viridis_jet_gray.png Graphic file (type bmp)
<_static/viridis_jet_gray.png>

Underfull \vbox (badness 8075) has occurred while \output is active []

[60]
File: _static/viridis.png Graphic file (type bmp)
<_static/viridis.png>
[61] [62]
Overfull \hbox (1.499pt too wide) in paragraph at lines 2590--2590
[]\T1/lmtt/m/n/10 ggplot(data = MarvelDC)   # "data = " kann auch weggelassen w
erden[] 
 []


Underfull \hbox (badness 2012) in paragraph at lines 2599--2600
[]\T1/lmr/m/n/10 Dieser Code funk-tion-iert allerd-ings noch nicht, da wir bish
-er nur die
 []


Underfull \hbox (badness 1077) in paragraph at lines 2604--2605
\T1/lmr/m/n/10 Das äs-thetis-che Map-ping (\T1/lmtt/m/n/10 aesthetics\T1/lmr/m/
n/10 ) kann en-twed-er di-rekt in \T1/lmtt/m/n/10 ggplot
 []


Overfull \hbox (28.54147pt too wide) in alignment at lines 2606--2610
 [] [] 
 []


Overfull \hbox (28.54147pt too wide) in alignment at lines 2610--2617
 [] [] 
 []

[63]
File: _main_files/figure-latex/unnamed-chunk-93-1.pdf Graphic file (type pdf)
<use _main_files/figure-latex/unnamed-chunk-93-1.pdf>
File: _main_files/figure-latex/unnamed-chunk-94-1.pdf Graphic file (type pdf)
<use _main_files/figure-latex/unnamed-chunk-94-1.pdf>

Underfull \vbox (badness 10000) has occurred while \output is active []

[64] [65]
File: _main_files/figure-latex/unnamed-chunk-95-1.pdf Graphic file (type pdf)
<use _main_files/figure-latex/unnamed-chunk-95-1.pdf>
File: _main_files/figure-latex/unnamed-chunk-96-1.pdf Graphic file (type pdf)
<use _main_files/figure-latex/unnamed-chunk-96-1.pdf>

Underfull \vbox (badness 10000) has occurred while \output is active []

[66]
File: _main_files/figure-latex/unnamed-chunk-97-1.pdf Graphic file (type pdf)
<use _main_files/figure-latex/unnamed-chunk-97-1.pdf>

Underfull \vbox (badness 10000) has occurred while \output is active []

[67]
Missing character: There is no ß ("DF) in font ec-lmtti10!
File: _main_files/figure-latex/unnamed-chunk-98-1.pdf Graphic file (type pdf)
<use _main_files/figure-latex/unnamed-chunk-98-1.pdf>

Underfull \vbox (badness 10000) has occurred while \output is active []

[68]
File: _main_files/figure-latex/unnamed-chunk-99-1.pdf Graphic file (type pdf)
<use _main_files/figure-latex/unnamed-chunk-99-1.pdf>

Underfull \vbox (badness 10000) has occurred while \output is active []

[69]
File: _main_files/figure-latex/unnamed-chunk-100-1.pdf Graphic file (type pdf)
<use _main_files/figure-latex/unnamed-chunk-100-1.pdf>

Underfull \vbox (badness 10000) has occurred while \output is active []

[70]
File: _main_files/figure-latex/unnamed-chunk-101-1.pdf Graphic file (type pdf)
<use _main_files/figure-latex/unnamed-chunk-101-1.pdf>

Underfull \vbox (badness 3281) has occurred while \output is active []

[71]
File: _main_files/figure-latex/unnamed-chunk-102-1.pdf Graphic file (type pdf)
<use _main_files/figure-latex/unnamed-chunk-102-1.pdf>

Underfull \vbox (badness 10000) has occurred while \output is active []

[72]
File: _main_files/figure-latex/unnamed-chunk-103-1.pdf Graphic file (type pdf)
<use _main_files/figure-latex/unnamed-chunk-103-1.pdf>

Underfull \vbox (badness 10000) has occurred while \output is active []

[73]
File: _main_files/figure-latex/unnamed-chunk-104-1.pdf Graphic file (type pdf)
<use _main_files/figure-latex/unnamed-chunk-104-1.pdf>

Underfull \vbox (badness 10000) has occurred while \output is active []

[74]
File: _main_files/figure-latex/unnamed-chunk-105-1.pdf Graphic file (type pdf)
<use _main_files/figure-latex/unnamed-chunk-105-1.pdf>

Underfull \vbox (badness 10000) has occurred while \output is active []

[75]
File: _main_files/figure-latex/unnamed-chunk-106-1.pdf Graphic file (type pdf)
<use _main_files/figure-latex/unnamed-chunk-106-1.pdf>

Underfull \vbox (badness 10000) has occurred while \output is active []

[76]
Underfull \hbox (badness 2809) in paragraph at lines 2851--2852
\T1/lmtt/m/n/10 geom_violin \T1/lmr/m/n/10 ist eben-falls eine graphis-che Funk
-tion um kon-tinuier-liche
 []

File: _main_files/figure-latex/unnamed-chunk-107-1.pdf Graphic file (type pdf)
<use _main_files/figure-latex/unnamed-chunk-107-1.pdf>

Underfull \vbox (badness 10000) has occurred while \output is active []

[77]
LaTeX Font Info:    Font shape `T1/lmtt/bx/n' in size <12> not available
(Font)              Font shape `T1/lmtt/b/n' tried instead on input line 2866.
File: _main_files/figure-latex/unnamed-chunk-108-1.pdf Graphic file (type pdf)
<use _main_files/figure-latex/unnamed-chunk-108-1.pdf>

Underfull \vbox (badness 10000) has occurred while \output is active []

[78]
File: _main_files/figure-latex/unnamed-chunk-109-1.pdf Graphic file (type pdf)
<use _main_files/figure-latex/unnamed-chunk-109-1.pdf>

Underfull \vbox (badness 10000) has occurred while \output is active []

[79]
File: _main_files/figure-latex/unnamed-chunk-110-1.pdf Graphic file (type pdf)
<use _main_files/figure-latex/unnamed-chunk-110-1.pdf>

Underfull \vbox (badness 10000) has occurred while \output is active []

[80]
File: _main_files/figure-latex/unnamed-chunk-111-1.pdf Graphic file (type pdf)
<use _main_files/figure-latex/unnamed-chunk-111-1.pdf>

Underfull \vbox (badness 10000) has occurred while \output is active []

[81]
File: _main_files/figure-latex/unnamed-chunk-112-1.pdf Graphic file (type pdf)
<use _main_files/figure-latex/unnamed-chunk-112-1.pdf>

Underfull \vbox (badness 10000) has occurred while \output is active []

[82]
File: _main_files/figure-latex/unnamed-chunk-113-1.pdf Graphic file (type pdf)
<use _main_files/figure-latex/unnamed-chunk-113-1.pdf>

Underfull \vbox (badness 10000) has occurred while \output is active []

[83]
Missing character: There is no ß ("DF) in font ec-lmtti10!
File: _main_files/figure-latex/unnamed-chunk-114-1.pdf Graphic file (type pdf)
<use _main_files/figure-latex/unnamed-chunk-114-1.pdf>
[84]
File: _main_files/figure-latex/unnamed-chunk-115-1.pdf Graphic file (type pdf)
<use _main_files/figure-latex/unnamed-chunk-115-1.pdf>

Underfull \vbox (badness 10000) has occurred while \output is active []

[85]
Overfull \hbox (23.33511pt too wide) in paragraph at lines 3014--3015
[]\T1/lmr/m/n/10 Will man wis-sen, welch-er Charak-ter welche Werte aufweist, f
ügt \T1/lmtt/m/n/10 geom_label\T1/lmr/m/n/10 Textlabel
 []

File: _main_files/figure-latex/unnamed-chunk-116-1.pdf Graphic file (type pdf)
<use _main_files/figure-latex/unnamed-chunk-116-1.pdf>

Underfull \vbox (badness 10000) has occurred while \output is active []

[86] [87]
File: _main_files/figure-latex/unnamed-chunk-117-1.pdf Graphic file (type pdf)
<use _main_files/figure-latex/unnamed-chunk-117-1.pdf>
File: _main_files/figure-latex/unnamed-chunk-118-1.pdf Graphic file (type pdf)
<use _main_files/figure-latex/unnamed-chunk-118-1.pdf>

Underfull \vbox (badness 10000) has occurred while \output is active []

[88]
File: _main_files/figure-latex/unnamed-chunk-119-1.pdf Graphic file (type pdf)
<use _main_files/figure-latex/unnamed-chunk-119-1.pdf>

Underfull \vbox (badness 2452) has occurred while \output is active []

[89]
File: _main_files/figure-latex/unnamed-chunk-120-1.pdf Graphic file (type pdf)
<use _main_files/figure-latex/unnamed-chunk-120-1.pdf>

Underfull \vbox (badness 10000) has occurred while \output is active []

[90]
Underfull \hbox (badness 1603) in paragraph at lines 3140--3141
\T1/lmr/m/n/10 Mit \T1/lmtt/m/n/10 position \T1/lmr/m/n/10 kann die Po-si-tion-
ierung graphis-ch-er El-e-mente zueinan-der
 []

File: _main_files/figure-latex/unnamed-chunk-121-1.pdf Graphic file (type pdf)
<use _main_files/figure-latex/unnamed-chunk-121-1.pdf>
[91]
File: _main_files/figure-latex/unnamed-chunk-122-1.pdf Graphic file (type pdf)
<use _main_files/figure-latex/unnamed-chunk-122-1.pdf>

Underfull \vbox (badness 10000) has occurred while \output is active []

[92]
File: _main_files/figure-latex/unnamed-chunk-123-1.pdf Graphic file (type pdf)
<use _main_files/figure-latex/unnamed-chunk-123-1.pdf>

Underfull \vbox (badness 10000) has occurred while \output is active []

[93]
File: _main_files/figure-latex/unnamed-chunk-124-1.pdf Graphic file (type pdf)
<use _main_files/figure-latex/unnamed-chunk-124-1.pdf>

Underfull \vbox (badness 10000) has occurred while \output is active []

[94]
Underfull \vbox (badness 10000) has occurred while \output is active []

[95]
Underfull \hbox (badness 10000) in paragraph at lines 3271--3272
[]\T1/lmtt/m/n/10 scale_fill_brewer(palette=SSet1") \T1/lmr/m/n/10 an-dere mögl
iche Ein-stel-lun-
 []


Underfull \hbox (badness 1354) in paragraph at lines 3271--3272
\T1/lmr/m/n/10 gen für \T1/lmtt/m/n/10 palette\T1/lmr/m/n/10 : \T1/lmtt/m/n/10 
SSet2", SSet3", Äccent", "Dark2", "Pastel1",
 []


Underfull \hbox (badness 3375) in paragraph at lines 3274--3275
[]\T1/lmr/m/n/10 Wenn man allerd-ings schon ein Farb-spek-trum selb-st definier
t, ist es
 []


Underfull \hbox (badness 1248) in paragraph at lines 3274--3275
\T1/lmr/m/n/10 empfehlenswert ein \T1/lmr/m/it/10 col-or-blind friend-ly \T1/lm
r/m/n/10 Schema wie alle Skalen aus dem
 []

Missing character: There is no ß ("DF) in font ec-lmtti10!
[96]
File: _main_files/figure-latex/unnamed-chunk-125-1.pdf Graphic file (type pdf)
<use _main_files/figure-latex/unnamed-chunk-125-1.pdf>
[97]
Missing character: There is no ß ("DF) in font ec-lmtti10!
Missing character: There is no ß ("DF) in font ec-lmtti10!
File: _main_files/figure-latex/unnamed-chunk-126-1.pdf Graphic file (type pdf)
<use _main_files/figure-latex/unnamed-chunk-126-1.pdf>

Underfull \vbox (badness 10000) has occurred while \output is active []

[98]

LaTeX Warning: Empty bibliography on input line 3362.

[99] (./_main.aux)

LaTeX Font Warning: Some font shapes were not available, defaults substituted.

Package rerunfilecheck Info: File `_main.out' has not changed.
(rerunfilecheck)             Checksum: EADF9415160041A0438734FED08E3431;6369.
Package logreq Info: Writing requests to '_main.run.xml'.
\openout1 = `_main.run.xml'.

 ) 
Here is how much of TeX's memory you used:
 25459 strings out of 478472
 478406 string characters out of 5860372
 1344057 words of memory out of 5000000
 45384 multiletter control sequences out of 15000+600000
 463038 words of font info for 88 fonts, out of 8000000 for 9000
 16 hyphenation exceptions out of 8191
 87i,6n,119p,1679b,4027s stack positions out of 5000i,500n,10000p,200000b,80000s

Output written on _main.pdf (99 pages).
